       0.000        0.000       41.172     2952.352
       0.100        0.000       41.172     2952.352
       0.201        0.000       41.172     2952.352
       0.301        0.000       41.172     2952.352
       0.402        0.000       41.172     2952.352
       0.502        0.000       41.172     2952.352
       0.602        0.000       41.172     2952.352
       0.703        0.000       41.172     2952.352
       0.803        0.000       41.172     2952.352
       0.903        0.000       41.172     2952.352
       1.004        0.000       41.172     2952.352
       1.104        0.000       41.172     2952.352
       1.204        0.000       41.172     2952.352
       1.307        0.000       41.172     2952.352
       1.407        0.000       41.172     2952.352
       1.508        0.000       41.172     2952.352
       1.608        0.000       41.172     2952.352
       1.708        0.000       41.172     2952.352
       1.809        0.000       41.172     2952.352
       1.909        0.000       41.172     2952.352
       2.010        0.000       41.172     2952.352
       2.110        0.000       41.172     2952.352
       2.211        0.000       41.172     2952.352
       2.311        0.000       41.172     2952.352
       2.411        0.000       41.172     2952.352
       2.512        0.000       41.172     2952.352
       2.612        0.000       41.172     2952.352
       2.712        0.000       41.172     2952.352
       2.813        0.000       41.172     2952.352
       2.913        0.000       41.172     2952.352
       3.013        0.000       41.172     2952.352
       3.114        0.000       41.172     2952.352
       3.214        0.000       41.172     2952.352
       3.314        0.000       41.172     2952.352
       3.415        0.000       41.172     2952.352
       3.515        0.000       41.172     2952.352
       3.615        0.000       41.172     2952.352
       3.716        0.000       41.172     2952.352
       3.816        0.000       41.172     2952.352
       3.917        0.000       41.172     2952.352
       4.017        0.000       41.172     2952.352
       4.117        0.000       41.172     2952.352
       4.218        0.000       41.172     2952.352
       4.318        0.000       41.172     2952.352
       4.418        0.000       41.172     2952.352
       4.519        0.000       41.172     2952.352
       4.619        0.000       41.172     2952.352
       4.719        0.000       41.172     2952.352
       4.820        0.000       41.172     2952.352
       4.920        0.000       41.172     2952.352
       5.020        0.000       41.172     2952.352
       5.121        0.000       41.172     2952.352
       5.221        0.000       41.172     2952.352
       5.322        0.000       41.172     2952.352
       5.422        0.000       41.172     2952.352
       5.522        0.000       41.172     2952.352
       5.623        0.000       41.172     2952.352
       5.723        0.000       41.172     2952.352
       5.824        9.900       41.172     2952.352
       5.924        0.000       41.172     2952.352
       6.025        0.000       41.172     2952.352
       6.125        0.000       41.172     2952.352
       6.226        0.000       41.172     2952.352
       6.328        0.000       41.172     2952.352
       6.428        0.000       41.172     2952.352
       6.528        0.000       41.172     2952.352
       6.629        0.000       41.172     2952.352
       6.729        0.000       41.172     2952.352
       6.829        0.000       41.172     2952.352
       6.930        0.000       41.172     2952.352
       7.030        0.000       41.172     2952.352
       7.130        0.000       41.172     2952.352
       7.231        0.000       41.172     2952.352
       7.331        0.000       41.172     2952.352
       7.431        0.000       41.172     2952.352
       7.532        0.000       41.172     2952.352
       7.632        0.000       41.172     2952.352
       7.733        0.000       41.172     2952.352
       7.833        0.000       41.172     2952.352
       7.933        0.000       41.172     2952.352
       8.034        0.000       41.172     2952.352
       8.134        0.000       41.172     2952.352
       8.234        0.000       41.172     2952.352
       8.335        0.000       41.172     2952.352
       8.435       10.000       41.172     2952.352
       8.535        0.000       41.172     2952.352
       8.636        0.000       41.172     2952.352
       8.736        0.000       41.172     2952.352
       8.837        0.000       41.172     2952.352
       8.937        0.000       41.172     2952.352
       9.038        0.000       41.172     2952.352
       9.138        0.000       41.172     2952.352
       9.238        0.000       41.172     2952.352
       9.339        0.000       41.172     2952.352
       9.439        0.000       41.172     2952.352
       9.540        0.000       41.172     2952.352
       9.640        0.000       41.172     2952.352
       9.741        0.000       41.172     2952.352
       9.841        0.000       41.172     2952.352
       9.942        0.000       41.172     2952.352
      10.042        0.000       41.172     2952.352
      10.143        0.000       41.172     2952.352
      10.243        0.000       41.172     2952.352
      10.343        0.000       41.172     2952.352
      10.444        0.000       41.172     2952.352
      10.544        0.000       41.172     2952.352
      10.644        0.000       41.172     2952.352
      10.745        0.000       41.172     2952.352
      10.845        0.000       41.172     2952.352
      10.945        0.000       41.172     2952.352
      11.046        0.000       41.172     2952.352
      11.146        0.000       41.172     2952.352
      11.246        0.000       41.172     2952.352
      11.347        0.000       41.172     2952.352
      11.447        0.000       41.172     2952.352
      11.548        0.000       41.172     2952.352
      11.648        0.000       41.172     2952.352
      11.749        0.000       41.172     2952.352
      11.849        0.000       41.172     2952.352
      11.949        0.000       41.172     2952.352
      12.050        0.000       41.172     2952.352
      12.150        0.000       41.172     2952.352
      12.251        0.000       41.172     2952.352
      12.351        0.000       41.172     2952.352
      12.451        0.000       41.172     2952.352
      12.551        0.000       41.172     2952.352
      12.652        0.000       41.172     2952.352
      12.752        0.000       41.172     2952.352
      12.853        0.000       41.172     2952.352
      12.953        0.000       41.172     2952.352
      13.053        0.000       41.172     2952.352
      13.154        0.000       41.172     2952.352
      13.254        0.000       41.172     2952.352
      13.355        0.000       41.172     2952.352
      13.455        0.000       41.172     2952.352
      13.555        0.000       41.172     2952.352
      13.656        0.000       41.172     2952.352
      13.756        0.000       41.172     2952.352
      13.856        0.000       41.172     2952.352
      13.957        0.000       41.172     2952.352
      14.057        0.000       41.172     2952.352
      14.157        0.000       41.172     2952.352
      14.258        0.000       41.172     2952.352
      14.358      119.500       41.172     2952.352
      14.458      109.600       41.172     2952.352
      14.559      109.400       41.172     2952.352
      14.659      129.300       41.172     2952.352
      14.760      119.300       41.172     2952.352
      14.861      109.400       41.172     2952.352
      14.961      119.400       41.172     2952.352
      15.062      109.400       41.172     2952.352
      15.162      109.400       41.172     2952.352
      15.263      129.300       41.172     2952.352
      15.363      119.400       41.172     2952.352
      15.464       99.600       41.172     2952.352
      15.564      129.300       41.172     2952.352
      15.665      129.300       41.172     2952.352
      15.765      119.400       41.172     2952.352
      15.866      129.500       41.172     2952.352
      15.966       99.600       41.172     2952.352
      16.066      119.500       41.172     2952.352
      16.167      139.400       41.172     2952.352
      16.267      119.500       41.172     2952.352
      16.368       99.500       41.172     2952.352
      16.468      119.500       41.172     2952.352
      16.569       89.600       41.172     2952.352
      16.669       89.600       41.172     2952.352
      16.770      119.400       41.172     2952.352
      16.870      119.400       41.172     2952.352
      16.971       99.500       41.172     2952.352
      17.071      119.400       41.172     2952.352
      17.171       99.600       41.637     2952.352
      17.272      109.500       41.637     2952.352
      17.372      119.400       41.637     2952.352
      17.473       99.500       41.637     2952.352
      17.573      109.500       41.637     2952.352
      17.674      129.400       41.637     2952.352
      17.774       99.500       41.637     2952.352
      17.875      109.500       41.637     2952.352
      17.975      109.400       41.637     2952.352
      18.076      119.400       41.637     2952.352
      18.176      119.500       41.637     2952.352
      18.277      109.500       41.637     2952.352
      18.377       99.500       41.637     2952.352
      18.478      109.500       41.637     2952.352
      18.578      109.500       41.637     2952.352
      18.679       89.600       41.637     2952.352
      18.779      109.500       41.637     2952.352
      18.880       89.600       41.637     2952.352
      18.980       99.400       41.637     2952.352
      19.081      109.400       41.637     2952.352
      19.181      129.300       41.637     2952.352
      19.282      109.400       41.637     2952.352
      19.382      119.400       41.637     2952.352
      19.483       89.600       41.637     2952.352
      19.583      129.200       41.637     2952.352
      19.684      109.400       41.637     2952.352
      19.784      109.400       41.637     2952.352
      19.885      119.300       41.637     2952.352
      19.986       99.400       41.637     2952.352
      20.086       99.400       41.637     2952.352
      20.187      109.400       41.637     2952.352
      20.287       99.500       41.637     2952.352
      20.388      109.400       41.637     2952.352
      20.488      109.500       41.637     2952.352
      20.589      119.400       41.637     2952.352
      20.689       99.500       41.637     2952.352
      20.790      109.400       41.637     2952.352
      20.890      109.500       41.637     2952.352
      20.991      109.500       41.637     2952.352
      21.091      109.500       41.637     2952.352
      21.192      119.400       41.637     2952.352
      21.292      109.400       41.637     2952.352
      21.393       99.500       41.637     2952.352
      21.493       99.600       41.637     2952.352
      21.594       99.500       41.637     2952.352
      21.694      119.500       41.637     2952.352
      21.795      119.400       41.637     2952.352
      21.895       89.600       41.637     2952.352
      21.995       99.500       41.637     2952.352
      22.096      109.500       41.637     2952.352
      22.196       99.500       41.637     2952.352
      22.297      109.500       41.637     2952.352
      22.397      119.500       41.637     2952.352
      22.498      119.500       41.637     2952.352
      22.598      109.500       41.637     2952.352
      22.699      109.500       41.637     2952.352
      22.799       99.500       41.637     2952.352
      22.900       79.600       41.637     2952.352
      23.000      109.500       41.637     2952.352
      23.101      109.400       41.637     2952.352
      23.201      109.400       41.637     2952.352
      23.302      119.300       41.637     2952.352
      23.402       99.500       41.637     2952.352
      23.503       99.500       41.637     2952.352
      23.603      119.400       41.637     2952.352
      23.704      119.400       41.637     2952.352
      23.804      129.400       41.637     2952.352
      23.905      109.400       41.637     2952.352
      24.005      129.400       41.637     2952.352
      24.106      109.500       41.637     2952.352
      24.206      129.400       41.637     2952.352
      24.307       99.600       41.637     2952.602
      24.407      109.500       41.637     2952.602
      24.508      119.500       41.637     2952.602
      24.608      109.500       41.637     2952.602
      24.709      129.300       41.637     2952.602
      24.809      109.400       41.637     2952.602
      24.910       99.500       41.637     2952.602
      25.010      109.500       41.637     2952.602
      25.111      119.500       41.637     2952.602
      25.211      119.500       41.637     2952.602
      25.311      129.500       41.637     2952.602
      25.412       89.500       41.637     2952.602
      25.512      119.400       41.637     2952.602
      25.613      109.500       41.637     2952.602
      25.713      109.300       41.637     2952.602
      25.814      109.300       41.637     2952.602
      25.915      109.200       41.637     2952.602
      26.015      139.300       41.637     2952.602
      26.116      129.400       41.637     2952.602
      26.216      119.400       41.637     2952.602
      26.317      129.300       41.637     2952.602
      26.417      129.400       41.637     2952.602
      26.518      119.400       41.637     2952.602
      26.618      129.300       41.637     2952.602
      26.719      109.400       41.637     2952.602
      26.819      109.400       41.637     2952.602
      26.920      129.300       41.637     2952.602
      27.020      129.300       41.637     2952.602
      27.121      119.300       41.637     2952.602
      27.221      129.300       42.145     2952.602
      27.322      109.500       42.145     2952.602
      27.422      109.600       42.145     2952.602
      27.523      109.500       42.145     2952.602
      27.623      119.400       42.145     2952.602
      27.724      109.500       42.145     2952.602
      27.824      139.300       42.145     2952.602
      27.925      109.500       42.145     2952.602
      28.025       99.500       42.145     2952.602
      28.125      119.400       42.145     2952.602
      28.226      109.500       42.145     2952.602
      28.327       89.500       42.145     2952.602
      28.427       99.500       42.145     2952.602
      28.528      109.400       42.145     2952.602
      28.628      119.500       42.145     2952.602
      28.728      109.500       42.145     2952.602
      28.829      109.500       42.145     2952.602
      28.929      119.500       42.145     2952.602
      29.030      109.500       42.145     2952.602
      29.130      129.400       42.145     2952.602
      29.231      119.200       42.145     2952.602
      29.331       89.600       42.145     2952.602
      29.432      119.500       42.145     2952.602
      29.532      109.500       42.145     2952.602
      29.633      119.500       42.145     2952.602
      29.733      109.400       42.145     2952.602
      29.834       89.600       42.145     2952.602
      29.934      129.400       42.145     2952.602
      30.035      109.500       42.145     2952.602
      30.135       99.500       42.145     2952.602
      30.236      109.500       42.145     2952.602
      30.336      109.500       42.145     2952.602
      30.436       99.600       42.145     2952.602
      30.537      109.500       42.145     2952.602
      30.637      109.600       42.145     2952.602
      30.738      109.600       42.145     2952.602
      30.838      119.500       42.145     2952.602
      30.938      119.500       42.145     2952.602
      31.039      129.500       42.145     2952.602
      31.139      119.400       42.145     2952.602
      31.240      139.400       42.145     2952.602
      31.340      109.400       42.145     2952.602
      31.441      119.400       42.145     2952.602
      31.541      109.500       42.145     2952.602
      31.642       99.600       42.145     2952.602
      31.742      109.500       42.145     2952.602
      31.842      109.500       42.145     2952.602
      31.943      119.500       42.145     2952.602
      32.043      129.400       42.145     2952.602
      32.144      119.400       42.145     2952.602
      32.244       99.500       42.145     2952.602
      32.345      109.400       42.145     2952.602
      32.445      109.500       42.145     2952.602
      32.546      119.500       42.145     2952.602
      32.646       99.600       42.145     2952.602
      32.747      109.500       42.145     2952.602
      32.847      119.500       42.145     2952.602
      32.947      109.500       42.145     2952.602
      33.048       99.500       42.145     2952.602
      33.148      109.400       42.145     2952.602
      33.249      109.300       42.145     2952.602
      33.350      129.300       42.145     2952.602
      33.450      119.400       42.145     2952.602
      33.551      109.400       42.145     2952.602
      33.651       99.500       42.145     2952.602
      33.752      109.500       42.145     2952.602
      33.852       99.600       42.145     2952.602
      33.952       99.600       42.145     2952.602
      34.053       89.600       42.145     2952.602
      34.153      109.400       42.145     2952.602
      34.254      129.400       42.145     2952.602
      34.354       99.600       42.145     2952.602
      34.455      119.500       42.145     2952.602
      34.555      109.500       42.145     2952.602
      34.656      109.500       42.145     2952.602
      34.756      119.400       42.145     2952.602
      34.857      109.500       42.145     2952.602
      34.957       99.600       42.145     2952.602
      35.057       99.600       42.145     2952.602
      35.158      109.500       42.145     2952.602
      35.258      119.500       42.145     2952.602
      35.359      119.500       42.145     2952.602
      35.459      119.400       42.145     2952.602
      35.560      119.400       42.145     2952.602
      35.660       99.400       42.145     2952.602
      35.761      129.000       42.145     2952.602
      35.862       99.400       42.145     2952.602
      35.962      129.300       42.145     2952.602
      36.063       99.500       42.145     2952.602
      36.163      119.400       42.145     2952.602
      36.264      109.500       42.145     2952.602
      36.364      119.400       42.145     2952.602
      36.465       99.500       42.145     2952.602
      36.565      119.500       42.145     2952.602
      36.666      109.500       42.145     2952.602
      36.766       99.500       42.145     2952.602
      36.866      109.600       42.145     2952.602
      36.967      129.500       42.145     2952.602
      37.067      109.600       42.145     2952.602
      37.168      119.400       42.145     2952.602
      37.268      109.500       42.145     2952.602
      37.369      119.400       42.145     2952.602
      37.469      139.300       42.145     2952.602
      37.570      119.500       42.145     2952.602
      37.670      119.500       42.145     2952.602
      37.771      119.400       42.145     2952.602
      37.871      119.400       42.145     2952.602
      37.972      109.500       42.145     2952.602
      38.072      119.500       42.145     2952.602
      38.172      129.500       42.145     2952.602
      38.273      109.600       42.145     2952.602
      38.373      119.400       42.145     2952.602
      38.474      119.400       42.145     2952.602
      38.574      119.400       42.145     2952.602
      38.675      119.400       42.145     2952.602
      38.775      129.400       42.145     2952.602
      38.876      119.400       42.145     2952.602
      38.976       99.500       42.145     2952.602
      39.076      119.400       42.145     2952.602
      39.177      129.300       42.145     2952.602
      39.277      129.400       42.145     2952.602
      39.378      119.500       42.145     2952.602
      39.478       99.600       42.145     2952.602
      39.579      129.500       42.145     2952.602
      39.679      109.600       42.145     2952.602
      39.780      119.400       42.145     2952.602
      39.880      109.400       42.145     2952.602
      39.981      109.500       42.145     2952.602
      40.081      109.500       42.145     2952.602
      40.181      109.500       42.145     2952.602
      40.282      109.500       42.145     2952.602
      40.382       99.500       42.145     2952.602
      40.483      119.500       42.145     2952.602
      40.583       89.700       42.145     2952.602
      40.684      109.600       42.145     2952.602
      40.784      129.500       42.145     2952.602
      40.884       99.500       42.145     2952.602
      40.985       99.500       42.145     2952.602
      41.085       79.700       42.145     2952.602
      41.186       99.600       42.145     2952.602
      41.286       89.600       42.145     2952.602
      41.387      119.500       42.145     2952.602
      41.487       99.600       42.145     2952.602
      41.587       99.500       42.145     2952.602
      41.688      119.400       42.145     2952.602
      41.788      109.500       42.145     2952.602
      41.889      129.400       42.145     2952.602
      41.989      109.500       42.145     2952.602
      42.090      119.500       42.398     2952.602
      42.190       99.600       42.398     2952.602
      42.291      109.500       42.398     2952.602
      42.391      129.400       42.398     2952.602
      42.492      119.400       42.398     2952.602
      42.592      129.400       42.398     2952.602
      42.693      119.400       42.398     2952.602
      42.793      119.400       42.398     2952.602
      42.894      119.500       42.398     2952.602
      42.994      129.500       42.398     2952.602
      43.094      119.500       42.398     2952.602
      43.195      129.500       42.398     2952.602
      43.295      119.500       42.398     2952.602
      43.396      109.500       42.398     2952.602
      43.496      119.500       42.398     2952.602
      43.596      119.500       42.398     2952.602
      43.697      119.500       42.398     2952.602
      43.797      129.400       42.398     2952.602
      43.898       99.500       42.398     2952.602
      43.998      109.500       42.398     2952.602
      44.099      129.500       42.398     2952.602
      44.199      109.600       42.398     2952.602
      44.299      109.600       42.398     2952.602
      44.400       99.600       42.398     2952.602
      44.500      119.600       42.398     2952.602
      44.600      119.600       42.398     2952.602
      44.701       99.600       42.398     2952.602
      44.801      119.500       42.398     2952.602
      44.902      129.400       42.398     2952.602
      45.002      109.400       42.398     2952.602
      45.103      119.400       42.398     2952.602
      45.203       19.900       42.398     2952.602
      45.304        9.900       42.398     2952.602
      45.404        9.900       42.398     2952.602
      45.505       19.900       42.398     2952.602
      45.605       19.900       42.398     2952.602
      45.706       10.000       42.398     2952.602
      45.806        0.000       42.398     2952.602
      45.906        0.000       42.398     2952.602
      46.007        0.000       42.398     2952.602
      46.107        0.000       42.398     2952.602
      46.207        0.000       42.398     2952.602
      46.308        0.000       42.398     2952.602
      46.408        0.000       42.398     2952.602
      46.508        0.000       42.398     2952.602
      46.609        0.000       42.398     2952.602
      46.709        0.000       42.398     2952.602
      46.810        0.000       42.398     2952.602
      46.910        0.000       42.398     2952.602
      47.011        0.000       42.398     2952.602
      47.111        0.000       42.398     2952.602
      47.211        0.000       42.398     2952.602
      47.312        0.000       42.398     2952.602
      47.412        0.000       42.398     2952.602
      47.513        0.000       42.398     2952.602
      47.613        0.000       42.398     2952.602
      47.713        0.000       42.398     2952.602
      47.814        0.000       42.398     2952.602
      47.914        0.000       42.398     2952.602
      48.014        0.000       42.398     2952.602
      48.115        0.000       42.398     2952.602
      48.215        0.000       42.398     2952.602
      48.316        0.000       42.398     2952.602
      48.416        0.000       42.398     2952.602
      48.516        0.000       42.398     2952.602
      48.616        0.000       42.398     2952.602
      48.717        0.000       42.398     2952.602
      48.817        0.000       42.398     2952.602
      48.917        0.000       42.398     2952.602
      49.018        0.000       42.398     2952.602
      49.118        0.000       42.398     2952.602
      49.218        0.000       42.398     2952.602
      49.319        0.000       42.398     2952.602
      49.419        0.000       42.398     2952.602
      49.519        0.000       42.398     2952.602
      49.619        0.000       42.398     2952.602
      49.720        0.000       42.398     2952.602
      49.820        0.000       42.398     2952.602
      49.921        0.000       42.398     2952.602
      50.021        0.000       42.398     2952.602
      50.121        0.000       42.398     2952.602
      50.222        0.000       42.398     2952.602
      50.322        0.000       42.398     2952.602
      50.422        0.000       42.398     2952.602
      50.522        0.000       42.398     2952.602
      50.623        0.000       42.398     2952.602
      50.723        0.000       42.398     2952.602
      50.823        0.000       42.398     2952.602
      50.924        0.000       42.398     2952.602
      51.024        0.000       42.398     2952.602
      51.124        0.000       42.398     2952.602
      51.225        0.000       42.398     2952.602
      51.325        0.000       42.398     2952.602
      51.425        0.000       42.398     2952.602
      51.526        0.000       42.398     2952.602
      51.626        0.000       42.398     2952.602
      51.726        0.000       42.398     2952.602
      51.827        0.000       42.398     2952.602
      51.927        0.000       42.398     2952.602
      52.027        0.000       42.398     2952.602
      52.127        0.000       42.398     2952.602
      52.228        0.000       42.398     2952.602
      52.328        0.000       42.398     2952.602
      52.428        0.000       42.398     2952.602
      52.529        0.000       42.398     2952.602
      52.629        0.000       42.398     2952.602
      52.729        0.000       42.398     2952.602
      52.829        0.000       42.398     2952.602
      52.930        0.000       42.398     2952.602
      53.030        0.000       42.398     2952.602
      53.130        0.000       42.398     2952.602
      53.231        0.000       42.398     2952.602
      53.331        0.000       42.398     2952.602
      53.431        0.000       42.398     2952.602
      53.532        0.000       42.398     2952.602
      53.632        0.000       42.398     2952.602
      53.733        0.000       42.398     2952.602
      53.833        0.000       42.398     2952.602
      53.934        0.000       42.398     2952.602
      54.034        0.000       42.398     2952.602
      54.134        0.000       42.398     2952.602
      54.235        0.000       42.398     2952.602
      54.335        0.000       42.398     2952.602
      54.436        0.000       42.398     2952.602
      54.536        0.000       42.398     2952.602
      54.637        0.000       42.398     2952.602
      54.737        0.000       42.398     2952.602
      54.838        0.000       42.398     2952.602
      54.938        0.000       42.398     2952.602
      55.039        0.000       42.398     2952.602
      55.139        0.000       42.398     2952.602
      55.240        0.000       42.398     2952.602
      55.340        0.000       42.398     2952.602
      55.441        0.000       42.398     2952.602
      55.541        0.000       42.398     2952.602
      55.641        0.000       42.398     2952.602
      55.742        0.000       42.398     2952.602
      55.842        0.000       42.398     2952.602
      55.943        0.000       42.398     2952.602
      56.043        0.000       42.398     2952.602
      56.144        0.000       42.398     2952.602
      56.244        0.000       42.398     2952.602
      56.344        0.000       42.398     2952.602
      56.445        0.000       42.398     2952.602
      56.545        0.000       42.398     2952.602
      56.645        0.000       42.398     2952.602
      56.746        0.000       42.398     2952.602
      56.846        0.000       42.398     2952.602
      56.947        0.000       42.398     2952.602
      57.047        0.000       42.398     2952.602
      57.148        0.000       42.398     2952.602
      57.248        0.000       42.398     2952.602
      57.349        0.000       42.398     2952.602
      57.449        0.000       42.398     2952.602
      57.549        0.000       42.398     2952.602
      57.650        0.000       42.398     2952.602
      57.750        0.000       42.398     2952.602
      57.851        0.000       42.398     2952.602
      57.951        0.000       42.398     2952.602
      58.051        0.000       42.398     2952.602
      58.152        0.000       42.398     2952.602
      58.252        0.000       42.398     2952.602
      58.352        0.000       42.398     2952.602
      58.453        0.000       42.398     2952.602
      58.553        0.000       42.398     2952.602
      58.653        0.000       42.398     2952.602
      58.754        0.000       42.398     2952.602
      58.854        0.000       42.398     2952.602
      58.954        0.000       42.398     2952.602
      59.055        0.000       42.398     2952.602
      59.155        0.000       42.398     2952.602
      59.255        0.000       42.398     2952.602
      59.356        0.000       42.398     2952.602
      59.456        0.000       42.398     2952.602
      59.557        0.000       42.398     2952.602
      59.657        0.000       42.398     2952.602
      59.757        0.000       42.398     2952.602
      59.858        0.000       42.398     2952.602
      59.958        0.000       42.398     2952.602
      60.059        0.000       42.398     2952.602
      60.159        0.000       42.398     2952.602
      60.259        0.000       42.398     2952.602
      60.360        0.000       42.398     2952.602
      60.460        0.000       42.398     2952.602
      60.560        0.000       42.398     2952.602
      60.661        0.000       42.398     2952.602
      60.761        0.000       42.398     2952.602
      60.861        0.000       42.398     2952.602
      60.962        0.000       42.398     2952.602
      61.062        0.000       42.398     2952.602
      61.162        0.000       42.398     2952.602
      61.263        0.000       42.398     2952.602
      61.363        0.000       42.398     2952.602
      61.464        0.000       42.398     2952.602
      61.564        0.000       42.398     2952.602
      61.664        0.000       42.398     2952.602
      61.765        0.000       42.398     2952.602
      61.865        0.000       42.398     2952.602
      61.965        0.000       42.398     2952.602
      62.066        0.000       42.398     2952.602
      62.166        0.000       42.398     2952.602
      62.267        0.000       42.398     2952.602
      62.367        0.000       42.398     2952.602
      62.467        0.000       42.398     2952.602
      62.568        0.000       42.398     2952.602
      62.668        0.000       42.398     2952.602
      62.768        0.000       42.398     2952.602
      62.868        0.000       42.398     2952.602
      62.969        0.000       42.398     2952.602
      63.069        0.000       42.398     2952.602
      63.169        0.000       42.398     2952.602
      63.270        0.000       42.398     2952.602
      63.370        0.000       42.398     2952.602
      63.470        0.000       42.398     2952.602
      63.571        0.000       42.398     2952.602
      63.671        0.000       42.398     2952.602
      63.772        0.000       42.398     2952.602
      63.872        0.000       42.398     2952.602
      63.973        0.000       42.398     2952.602
      64.073        0.000       42.398     2952.602
      64.173        0.000       42.398     2952.602
      64.274        0.000       42.398     2952.602
      64.374        0.000       42.398     2952.602
      64.475        0.000       42.398     2952.602
      64.575        0.000       42.398     2952.602
      64.676        0.000       42.398     2952.602
      64.776        0.000       42.398     2952.602
      64.876        0.000       42.398     2952.602
      64.977        0.000       42.398     2952.602
      65.077        0.000       42.398     2952.602
      65.177        0.000       42.398     2952.602
      65.278        0.000       42.398     2952.602
      65.378        0.000       42.398     2952.602
      65.479        0.000       42.398     2952.602
      65.579        0.000       42.398     2952.602
      65.680        0.000       42.398     2952.602
      65.780        0.000       42.398     2952.602
      65.881        0.000       42.398     2952.602
      65.981        0.000       42.398     2952.602
      66.082        0.000       42.398     2952.602
      66.182        0.000       42.398     2952.602
      66.283        0.000       42.398     2952.602
      66.383        0.000       42.398     2952.602
      66.484        0.000       42.398     2952.602
      66.584        0.000       42.398     2952.602
      66.684        0.000       42.398     2952.602
      66.785        0.000       42.398     2952.602
      66.885        0.000       42.398     2952.602
      66.985        0.000       42.398     2952.602
      67.086        0.000       42.398     2952.602
      67.186        0.000       42.398     2952.602
      67.286        0.000       42.398     2952.602
      67.386        0.000       42.398     2952.602
      67.487        0.000       42.398     2952.602
      67.587        0.000       42.398     2952.602
      67.687        0.000       42.398     2952.602
      67.788        0.000       42.398     2952.602
      67.888        0.000       42.398     2952.602
      67.988        0.000       42.398     2952.602
      68.089        0.000       42.398     2952.602
      68.189       10.000       42.398     2952.602
      68.289        0.000       42.398     2952.602
      68.390        0.000       42.398     2952.602
      68.490        0.000       42.398     2952.602
      68.590        0.000       42.398     2952.602
      68.691        0.000       42.398     2952.602
      68.791        0.000       42.398     2952.602
      68.891        0.000       42.398     2952.602
      68.992        0.000       42.398     2952.602
      69.092        0.000       42.398     2952.602
      69.192        0.000       42.398     2952.602
      69.293        0.000       42.398     2952.602
      69.393        0.000       42.398     2952.602
      69.493        0.000       42.398     2952.602
      69.594        0.000       42.398     2952.602
      69.694        0.000       42.398     2952.602
      69.795        0.000       42.398     2952.602
      69.895        0.000       42.398     2952.602
      69.995        0.000       42.398     2952.602
      70.096        0.000       42.398     2952.602
      70.196        0.000       42.398     2952.602
      70.297        0.000       42.398     2952.602
      70.397        0.000       42.398     2952.602
      70.497        0.000       42.398     2952.602
      70.598        0.000       42.398     2952.602
      70.698        0.000       42.398     2952.602
      70.799        0.000       42.398     2952.602
      70.899        0.000       42.398     2952.602
      70.999        0.000       42.398     2952.602
      71.100        0.000       42.398     2952.602
      71.200        0.000       42.398     2952.602
      71.300        0.000       42.398     2952.602
      71.401        0.000       42.398     2952.602
      71.501        0.000       42.398     2952.602
      71.602        0.000       42.398     2952.602
      71.702        0.000       42.398     2952.602
      71.802        0.000       42.398     2952.602
      71.903        0.000       42.398     2952.602
      72.003        0.000       42.398     2952.602
      72.103        0.000       42.398     2952.602
      72.204        0.000       42.398     2952.602
      72.304        0.000       42.398     2952.602
      72.404        0.000       42.398     2952.602
      72.505        0.000       42.398     2952.602
      72.605        0.000       42.398     2952.602
      72.705        0.000       42.398     2952.602
      72.806        0.000       42.398     2952.602
      72.906        0.000       42.398     2952.602
      73.006        0.000       42.398     2952.602
      73.107        0.000       42.398     2952.602
      73.207        0.000       42.398     2952.602
      73.307        0.000       42.398     2952.602
      73.408        0.000       42.398     2952.602
      73.508        0.000       42.398     2952.602
      73.608        0.000       42.398     2952.602
      73.709        0.000       42.398     2952.602
      73.809        0.000       42.398     2952.602
      73.910        0.000       42.398     2952.602
      74.010        0.000       42.398     2952.602
      74.110        0.000       42.398     2952.602
      74.211        0.000       42.398     2952.602
      74.311        0.000       42.398     2952.602
      74.411        0.000       42.398     2952.602
      74.511        0.000       42.398     2952.602
      74.612        0.000       42.398     2952.602
      74.712        0.000       42.398     2952.602
      74.812        0.000       42.398     2952.602
      74.913        0.000       42.398     2952.602
      75.013        0.000       42.398     2952.602
      75.113        0.000       42.398     2952.602
      75.213        0.000       42.398     2952.602
      75.314        0.000       42.398     2952.602
      75.414        0.000       42.398     2952.602
      75.514        0.000       42.398     2952.602
      75.615        0.000       42.398     2952.602
      75.715        0.000       42.398     2952.602
      75.815        0.000       42.398     2952.602
      75.916        0.000       42.398     2952.602
      76.016        0.000       42.398     2952.602
      76.117        0.000       42.398     2952.602
      76.217        0.000       42.398     2952.602
      76.317        0.000       42.398     2952.602
      76.418        0.000       42.398     2952.602
      76.518        0.000       42.398     2952.602
      76.618        0.000       42.398     2952.602
      76.719        0.000       42.398     2952.602
      76.819        0.000       42.398     2952.602
      76.919        0.000       42.398     2952.602
      77.020        0.000       42.398     2952.602
      77.120        0.000       42.398     2952.602
      77.220        0.000       42.398     2952.602
      77.321        0.000       42.398     2952.602
      77.421        0.000       42.398     2952.602
      77.521        0.000       42.398     2952.602
      77.622        0.000       42.398     2952.602
      77.722        0.000       42.398     2952.602
      77.822        0.000       42.398     2952.602
      77.923        0.000       42.398     2952.602
      78.023        0.000       42.398     2952.602
      78.124        0.000       42.398     2952.602
      78.224        0.000       42.398     2952.602
      78.324        0.000       42.398     2952.602
      78.425        0.000       42.398     2952.602
      78.525        0.000       42.398     2952.602
      78.625        0.000       42.398     2952.602
      78.726        0.000       42.398     2952.602
      78.826        0.000       42.398     2952.602
      78.927        0.000       42.398     2952.602
      79.027        0.000       42.398     2952.602
      79.127        0.000       42.398     2952.602
      79.228        0.000       42.398     2952.602
      79.328        0.000       42.398     2952.602
      79.428        0.000       42.398     2952.602
      79.529        0.000       42.398     2952.602
      79.629        0.000       42.398     2952.602
      79.729        0.000       42.398     2952.602
      79.829        0.000       42.398     2952.602
      79.930        0.000       42.398     2952.602
      80.030        0.000       42.398     2952.602
      80.131        0.000       42.398     2952.602
      80.231        0.000       42.398     2952.602
      80.332        0.000       42.398     2952.602
      80.432        0.000       42.398     2952.602
      80.532        0.000       42.398     2952.602
      80.633        0.000       42.398     2952.602
      80.733        0.000       42.398     2952.602
      80.833        0.000       42.398     2952.602
      80.934        0.000       42.398     2952.602
      81.034        0.000       42.398     2952.602
      81.134        0.000       42.398     2952.602
      81.235        0.000       42.398     2952.602
      81.335        0.000       42.398     2952.602
      81.435        0.000       42.398     2952.602
      81.536        0.000       42.398     2952.602
      81.636        0.000       42.398     2952.602
      81.736        0.000       42.398     2952.602
      81.837        0.000       42.398     2952.602
      81.937        0.000       42.398     2952.602
      82.037        0.000       42.398     2952.602
      82.138        0.000       42.398     2952.602
      82.238        0.000       42.398     2952.602
      82.338        0.000       42.398     2952.602
      82.439        0.000       42.398     2952.602
      82.539        0.000       42.398     2952.602
      82.639        0.000       42.398     2952.602
      82.740        0.000       42.398     2952.602
      82.840        0.000       42.398     2952.602
      82.940        0.000       42.398     2952.602
      83.041        0.000       42.398     2952.602
      83.141        0.000       42.398     2952.602
      83.241        0.000       42.398     2952.602
      83.342        0.000       42.398     2952.602
      83.443        0.000       42.398     2952.602
      83.543        0.000       42.398     2952.602
      83.644        0.000       42.398     2952.602
      83.744        0.000       42.398     2952.602
      83.845        0.000       42.398     2952.602
      83.945        0.000       42.398     2952.602
      84.046        0.000       42.398     2952.602
      84.146        0.000       42.398     2952.602
      84.246        0.000       42.398     2952.602
      84.347        0.000       42.398     2952.602
      84.447        0.000       42.398     2952.602
      84.548        0.000       42.398     2952.602
      84.648        0.000       42.398     2952.602
      84.748        0.000       42.398     2952.602
      84.849        0.000       42.398     2952.602
      84.949        0.000       42.398     2952.602
      85.050        0.000       42.398     2952.602
      85.150        0.000       42.398     2952.602
      85.251        0.000       42.398     2952.602
      85.351        0.000       42.398     2952.602
      85.451        0.000       42.398     2952.602
      85.552        0.000       42.398     2952.602
      85.652        0.000       42.398     2952.602
      85.753        0.000       42.398     2952.602
      85.854        0.000       42.398     2952.602
      85.954        0.000       42.398     2952.602
      86.054        0.000       42.398     2952.602
      86.155        0.000       42.398     2952.602
      86.255        0.000       42.398     2952.602
      86.355        0.000       42.398     2952.602
      86.456        0.000       42.398     2952.602
      86.556        0.000       42.398     2952.602
      86.657        0.000       42.398     2952.602
      86.757        0.000       42.398     2952.602
      86.858        0.000       42.398     2952.602
      86.958        0.000       42.398     2952.602
      87.058        0.000       42.398     2952.602
      87.159        0.000       42.398     2952.602
      87.259        0.000       42.398     2952.602
      87.360        0.000       42.398     2952.602
      87.460        0.000       42.398     2952.602
      87.560        0.000       42.398     2952.602
      87.661        0.000       42.398     2952.602
      87.761        0.000       42.398     2952.602
      87.861        0.000       42.398     2952.602
      87.962        0.000       42.398     2952.602
      88.062        0.000       42.398     2952.602
      88.162        0.000       42.398     2952.602
      88.263        0.000       42.398     2952.602
      88.363        0.000       42.398     2952.602
      88.464        0.000       42.398     2952.602
      88.564        0.000       42.398     2952.602
      88.664        0.000       42.398     2952.602
      88.765        0.000       42.398     2952.602
      88.865        0.000       42.398     2952.602
      88.965        0.000       42.398     2952.602
      89.066        0.000       42.398     2952.602
      89.166        0.000       42.398     2952.602
      89.266        0.000       42.398     2952.602
      89.367        0.000       42.398     2952.602
      89.467        0.000       42.398     2952.602
      89.567        0.000       42.398     2952.602
      89.668        0.000       42.398     2952.602
      89.768        0.000       42.398     2952.602
      89.869        0.000       42.398     2952.602
      89.969        0.000       42.398     2952.602
      90.069        0.000       42.398     2952.602
      90.170        0.000       42.398     2952.602
      90.270        0.000       42.398     2952.602
      90.370        0.000       42.398     2952.602
      90.471        0.000       42.398     2952.602
      90.571        0.000       42.398     2952.602
      90.672        0.000       42.398     2952.602
      90.772        0.000       42.398     2952.602
      90.873        0.000       42.398     2952.602
      90.973        0.000       42.398     2952.602
      91.074        0.000       42.398     2952.602
      91.174        0.000       42.398     2952.602
      91.275        0.000       42.398     2952.602
      91.375        0.000       42.398     2952.602
      91.476        0.000       42.398     2952.602
      91.576        0.000       42.398     2952.602
      91.677        0.000       42.398     2952.602
      91.778        0.000       42.398     2952.602
      91.878        0.000       42.398     2952.602
      91.978        0.000       42.398     2952.602
      92.079        0.000       42.398     2952.602
      92.179        0.000       42.398     2952.602
      92.279        0.000       42.398     2952.602
      92.380        0.000       42.398     2952.602
      92.480        0.000       42.398     2952.602
      92.580        0.000       42.398     2952.602
      92.681        0.000       42.398     2952.602
      92.781        0.000       42.398     2952.602
      92.881        0.000       42.398     2952.602
      92.982        0.000       42.398     2952.602
      93.082        0.000       42.398     2952.602
      93.183        0.000       42.398     2952.602
      93.283        0.000       42.398     2952.602
      93.383        0.000       42.398     2952.602
      93.484        0.000       42.398     2952.602
      93.584        0.000       42.398     2952.602
      93.684        0.000       42.398     2952.602
      93.784        0.000       42.398     2952.602
      93.885        0.000       42.398     2952.602
      93.985        0.000       42.398     2952.602
      94.085        0.000       42.398     2952.602
      94.186        0.000       42.398     2952.602
      94.286        0.000       42.398     2952.602
      94.386        0.000       42.398     2952.602
      94.487        0.000       42.398     2952.602
      94.587        0.000       42.398     2952.602
      94.687        0.000       42.398     2952.602
      94.788        0.000       42.398     2952.602
      94.888        0.000       42.398     2952.602
      94.988        0.000       42.398     2952.602
      95.089        0.000       42.398     2952.602
      95.189        0.000       42.398     2952.602
      95.289        0.000       42.398     2952.602
      95.390        0.000       42.398     2952.602
      95.490        0.000       42.398     2952.602
      95.591        0.000       42.398     2952.602
      95.691        0.000       42.398     2952.602
      95.791        0.000       42.398     2952.602
      95.892        0.000       42.398     2952.602
      95.992        0.000       42.398     2952.602
      96.093        0.000       42.398     2952.602
      96.193        0.000       42.398     2952.602
      96.293        0.000       42.398     2952.602
      96.394        0.000       42.398     2952.602
      96.494        0.000       42.398     2952.602
      96.595        0.000       42.398     2952.602
      96.695        0.000       42.398     2952.602
      96.796        0.000       42.398     2952.602
      96.896        0.000       42.398     2952.602
      96.996        0.000       42.398     2952.602
      97.097        0.000       42.398     2952.602
      97.197        0.000       42.398     2952.602
      97.298        0.000       42.398     2952.602
      97.398        0.000       42.398     2952.602
      97.498        0.000       42.398     2952.602
      97.599        0.000       42.398     2952.602
      97.699        0.000       42.398     2952.602
      97.800        0.000       42.398     2952.602
      97.900        0.000       42.398     2952.602
      98.000        0.000       42.398     2952.602
      98.101        0.000       42.398     2952.602
      98.201        0.000       42.398     2952.602
      98.302        0.000       42.398     2952.602
      98.402        0.000       42.398     2952.602
      98.502        0.000       42.398     2952.602
      98.603        0.000       42.398     2952.602
      98.703        0.000       42.398     2952.602
      98.804        0.000       42.398     2952.602
      98.904        0.000       42.398     2952.602
      99.005        0.000       42.398     2952.602
      99.105        0.000       42.398     2952.602
      99.206        0.000       42.398     2952.602
      99.306        0.000       42.398     2952.602
      99.406        0.000       42.398     2952.602
      99.507        0.000       42.398     2952.602
      99.607        0.000       42.398     2952.602
      99.707        0.000       42.398     2952.602
      99.808        0.000       42.398     2952.602
      99.908        0.000       42.398     2952.602
     100.008        0.000       42.398     2952.602
     100.109        0.000       42.398     2952.602
     100.209        0.000       42.398     2952.602
     100.310        0.000       42.398     2952.602
     100.410        0.000       42.398     2952.602
     100.510        0.000       42.398     2952.602
     100.611        0.000       42.398     2952.602
     100.711        0.000       42.398     2952.602
     100.811        0.000       42.398     2952.602
     100.912        0.000       42.398     2952.602
     101.012        0.000       42.398     2952.602
     101.112        0.000       42.398     2952.602
     101.213        0.000       42.398     2952.602
     101.313        0.000       42.398     2952.602
     101.414        0.000       42.398     2952.602
     101.517        0.000       42.398     2952.602
     101.617        0.000       42.398     2952.602
     101.718        0.000       42.398     2952.602
     101.818        0.000       42.398     2952.602
     101.919        0.000       42.398     2952.602
     102.019        0.000       42.398     2952.602
     102.119        0.000       42.398     2952.602
     102.220        0.000       42.398     2952.602
     102.320        0.000       42.398     2952.602
     102.421        0.000       42.398     2952.602
     102.521        0.000       42.398     2952.602
     102.621        0.000       42.398     2952.602
     102.722        0.000       42.398     2952.602
     102.822        0.000       42.398     2952.602
     102.923        0.000       42.398     2952.602
     103.023        0.000       42.398     2952.602
     103.123        0.000       42.398     2952.602
     103.224        0.000       42.398     2952.602
     103.324        0.000       42.398     2952.602
     103.425        0.000       42.398     2952.602
     103.525        0.000       42.398     2952.602
     103.625        0.000       42.398     2952.602
     103.726        0.000       42.398     2952.602
     103.826        0.000       42.398     2952.602
     103.926        0.000       42.398     2952.602
     104.027        0.000       42.398     2952.602
     104.127        0.000       42.398     2952.602
     104.228        0.000       42.398     2952.602
     104.328        0.000       42.398     2952.602
     104.429        0.000       42.398     2952.602
     104.529        0.000       42.398     2952.602
     104.630        0.000       42.398     2952.602
     104.730        0.000       42.398     2952.602
     104.830        0.000       42.398     2952.602
     104.931        0.000       42.398     2952.602
     105.031        0.000       42.398     2952.602
     105.131        0.000       42.398     2952.602
     105.232        0.000       42.398     2952.602
     105.332        0.000       42.398     2952.602
     105.432        0.000       42.398     2952.602
     105.533        0.000       42.398     2952.602
     105.633        0.000       42.398     2952.602
     105.733        0.000       42.398     2952.602
     105.834        0.000       42.398     2952.602
     105.934        0.000       42.398     2952.602
     106.035        0.000       42.398     2952.602
     106.135        0.000       42.398     2952.602
     106.236        0.000       42.398     2952.602
     106.336        0.000       42.398     2952.602
     106.436        0.000       42.398     2952.602
     106.537        0.000       42.398     2952.602
     106.637        0.000       42.398     2952.602
     106.737        0.000       42.398     2952.602
     106.838        0.000       42.398     2952.602
     106.938        0.000       42.398     2952.602
     107.038        0.000       42.398     2952.602
     107.139        0.000       42.398     2952.602
     107.239        0.000       42.398     2952.602
     107.339        0.000       42.398     2952.602
     107.440        0.000       42.398     2952.602
     107.540        0.000       42.398     2952.602
     107.641        0.000       42.398     2952.602
     107.741        0.000       42.398     2952.602
     107.842        0.000       42.398     2952.602
     107.942        0.000       42.398     2952.602
     108.042        0.000       42.398     2952.602
     108.143        0.000       42.398     2952.602
     108.243        0.000       42.398     2952.602
     108.344        0.000       42.398     2952.602
     108.444        0.000       42.398     2952.602
     108.544        0.000       42.398     2952.602
     108.645        0.000       42.398     2952.602
     108.745        0.000       42.398     2952.602
     108.845        0.000       42.398     2952.602
     108.946        0.000       42.398     2952.602
     109.046        0.000       42.398     2952.602
     109.147        0.000       42.398     2952.602
     109.247        0.000       42.398     2952.602
     109.347        0.000       42.398     2952.602
     109.448        0.000       42.398     2952.602
     109.548        0.000       42.398     2952.602
     109.649        0.000       42.398     2952.602
     109.749        0.000       42.398     2952.602
     109.849        0.000       42.398     2952.602
     109.950        0.000       42.398     2952.602
     110.050        0.000       42.398     2952.602
     110.150        0.000       42.398     2952.602
     110.251        0.000       42.398     2952.602
     110.351        0.000       42.398     2952.602
     110.451        0.000       42.398     2952.602
     110.552        0.000       42.398     2952.602
     110.652        0.000       42.398     2952.602
     110.753        0.000       42.398     2952.602
     110.854        0.000       42.398     2952.602
     110.954        0.000       42.398     2952.602
     111.054        0.000       42.398     2952.602
     111.155       10.000       42.398     2952.602
     111.255        0.000       42.398     2952.602
     111.356        0.000       42.398     2952.602
     111.456        0.000       42.398     2952.602
     111.556        0.000       42.398     2952.602
     111.657        0.000       42.398     2952.602
     111.757        0.000       42.398     2952.602
     111.857        0.000       42.398     2952.602
     111.958        0.000       42.398     2952.602
