10414869
9920371
9768271
11066974
10037808
11288522
12008514
11326188
10294183
11268942
11260607
11622338
11014350
11852029
10822689
12519704
10783473
11596320
10029041
12373760
9585745
10742926
11064460
10364238
11026061
11272887
12266093
11982578
11427643
12056347
10765652
11956651
11239309
11353306
11026652
9681472
11201358
10092590
12524633
11584052
10198038
11857420
11277335
10886704
12841220
10766842
11854400
9459693
11194809
10611891
10954298
11519732
10758905
12147900
10330725
9639980
10126733
11130196
9767409
12817480
12539951
11208817
11343482
11192206
12476562
10872815
10384214
11599919
10873369
11842966
10138453
11786419
14581056
11357670
11825343
10771895
10907104
11099862
10738388
11570156
10577126
10328499
12795553
10922846
11955911
12119639
10516278
11954851
10284810
10439052
10556596
11888526
10838648
11333672
12270268
11414058
10875263
11354209
11108704
10884214
13764629
10932048
11899506
11176787
10573289
10265573
10315878
10774873
10877543
11236381
10004309
11417373
11465194
9948129
10275966
11281061
10977376
10793514
11221902
10073266
10469861
10115847
10588418
10121298
11022941
10754385
10992675
10275121
10542617
9933933
10804612
9986632
10096946
10315475
11218246
10743776
10128066
11279705
9995765
10863037
10585311
10038908
10755878
10572976
11451130
10846200
11169054
10701939
10545345
10878046
10416673
11319168
10947268
11636632
11030527
10533758
11149387
11289394
10218027
10408705
10133912
10662273
10180232
11014349
12282847
10342944
10350318
10445306
11333268
11373359
11457860
10588217
10861995
9889941
10713831
11026473
10773523
10799696
9962427
10361712
10003967
10875666
10529956
9951409
11695181
12418755
10783979
10545856
10517392
11152305
10016848
10899454
9884149
11781020
10313566
10964130
10672606
10529263
11485176
10888641
37195701
36365907
37788782
36956514
37266184
36526208
36750350
36734992
36257175
37270100
35403706
36154176
36431430
36854059
36309333
36203081
37222962
36299794
36627355
35307141
36955738
36780626
35482931
35717879
42296177
37442748
36531504
34539111
34730328
35727105
35136308
35407660
34742026
36781119
36287179
36581179
35503074
36566907
35283194
35827285
36734234
35377457
37366541
36466435
36483569
36638757
36615990
37208398
36211431
35027408
34551364
36118065
36173683
36301522
35869702
37613434
34766974
35460319
36626292
37813097
36655096
35666234
36394954
35884084
36723118
34238268
34738756
37543353
36684828
34814991
34397319
36991380
36318681
35632234
36627874
35937309
34492345
35440391
37315556
36839936
36906868
34822833
36179796
36825210
35772728
36284475
36362351
36390842
36405386
36229399
36962889
37699753
36438192
35808553
35646864
35254309
35410174
37933680
36305496
36398413
