10414869
9920371
9768271
11066974
10037808
11288522
12008514
11326188
10294183
11268942
11260607
11622338
11014350
11852029
10822689
12519704
10783473
11596320
10029041
12373760
9585745
10742926
11064460
10364238
11026061
11272887
12266093
11982578
11427643
12056347
10765652
11956651
11239309
11353306
11026652
9681472
11201358
10092590
12524633
11584052
10198038
11857420
11277335
10886704
12841220
10766842
11854400
9459693
11194809
10611891
10954298
11519732
10758905
12147900
10330725
9639980
10126733
11130196
9767409
12817480
12539951
11208817
11343482
11192206
12476562
10872815
10384214
11599919
10873369
11842966
10138453
11786419
14581056
11357670
11825343
10771895
10907104
11099862
10738388
11570156
10577126
10328499
12795553
10922846
11955911
12119639
10516278
11954851
10284810
10439052
10556596
11888526
10838648
11333672
12270268
11414058
10875263
11354209
11108704
10884214
