(machine-fork (0 1))
(pc-changed 0x400520:64u)
(call (_start))
(pc-changed 0x400522:64u)
(pc-changed 0x400525:64u)
(pc-changed 0x400526:64u)
(pc-changed 0x400529:64u)
(pc-changed 0x40052D:64u)
(pc-changed 0x40052E:64u)
(pc-changed 0x40052F:64u)
(pc-changed 0x400536:64u)
(pc-changed 0x40053D:64u)
(pc-changed 0x400544:64u)
(machine-fork (1 2))
(machine-switch (2 1))
(jumping (1:1u#709 0x4004D0:64u#710))
(call (__libc_start_main 0x40060D 3 0x40000008 0x400680))
(pc-changed 0x40060D:64u)
(call (main 3 0x40000008))
(pc-changed 0x40060E:64u)
(pc-changed 0x400611:64u)
(pc-changed 0x400615:64u)
(pc-changed 0x400618:64u)
(pc-changed 0x40061C:64u)
(pc-changed 0x400620:64u)
(pc-changed 0x400624:64u)
(pc-changed 0x400628:64u)
(pc-changed 0x400630:64u)
(machine-fork (1 3))
(machine-switch (3 1))
(jumping (1:1u#934 0x400510:64u#935))
(pc-changed 0x400510:64u)
(call (fork))
(jumping (1:1u#937 0x400516:64u#960))
(call-return (fork 0x40000043))
(jumping (1:1u#934 0x400635:64u#961))
(pc-changed 0x400635:64u)
(pc-changed 0x400638:64u)
(machine-fork (1 4))
(machine-switch (4 1))
(pc-changed 0x40063C:64u)
(jumping (1:1u#1059 0x40065A:64u#1063))
(pc-changed 0x40065A:64u)
(pc-changed 0x40065F:64u)
(machine-fork (1 5))
(machine-switch (5 1))
(jumping (1:1u#1091 0x4004F0:64u#1092))
(pc-changed 0x4004F0:64u)
(call (sleep 1))
(jumping (1:1u#1094 0x4004F6:64u#1117))
(call-return (sleep 1 0x40000043))
(jumping (1:1u#1091 0x400664:64u#1118))
(pc-changed 0x400664:64u)
(pc-changed 0x400669:64u)
(machine-fork (1 6))
(machine-switch (6 1))
(jumping (1:1u#1146 0x4004C0:64u#1147))
(call (puts 0x400704))
(call (fputs 0x400704 1))
(call (fputc 0x44 1))
(call-return (fputc 0x44 1 0x44))
(call (fputc 0x6F 1))
(call-return (fputc 0x6F 1 0x6F))
(call (fputc 0x6E 1))
(call-return (fputc 0x6E 1 0x6E))
(call (fputc 0x65 1))
(call-return (fputc 0x65 1 0x65))
(call (fputc 0x20 1))
(call-return (fputc 0x20 1 0x20))
(call (fputc 0x77 1))
(call-return (fputc 0x77 1 0x77))
(call (fputc 0x61 1))
(call-return (fputc 0x61 1 0x61))
(call (fputc 0x69 1))
(call-return (fputc 0x69 1 0x69))
(call (fputc 0x74 1))
(call-return (fputc 0x74 1 0x74))
(call (fputc 0x69 1))
(call-return (fputc 0x69 1 0x69))
(call (fputc 0x6E 1))
(call-return (fputc 0x6E 1 0x6E))
(call (fputc 0x67 1))
(call-return (fputc 0x67 1 0x67))
(call (fputc 0x21 1))
(call-return (fputc 0x21 1 0x21))
(call (fputc 0xA 1))
(call-return (fputc 0xA 1 0xA))
(call-return (fputs 0x400704 1 0xA))
(call-return (puts 0x400704 0xA))
(jumping (1:1u#1146 0x40066E:64u#1399))
(pc-changed 0x40066E:64u)
(pc-changed 0x400673:64u)
(pc-changed 0x400674:64u)
(jumping (1:1u#1450 0x400549:64u#1447))
(call-return (main 3 0x40000008 0))
(exception Halt)
(exception Halt)
(machine-switch (1 6))
(exception Halt)
(exception Halt)
(machine-switch (6 5))
(exception Halt)
(exception Halt)
(machine-switch (5 4))
(pc-changed 0x40063C:64u)
(jumping (1:1u#1453 0x40063E:64u#1454))
(pc-changed 0x40063E:64u)
(pc-changed 0x400642:64u)
(pc-changed 0x400646:64u)
(pc-changed 0x400649:64u)
(pc-changed 0x40064D:64u)
(pc-changed 0x400650:64u)
(pc-changed 0x400653:64u)
(machine-fork (4 7))
(machine-switch (7 4))
(jumping (1:1u#1569 0x400500:64u#1570))
(pc-changed 0x400500:64u)
(call (execv))
(jumping (1:1u#1572 0x400506:64u#1595))
(call-return (execv))
(jumping (1:1u#1569 0x400658:64u#1596))
(pc-changed 0x400658:64u)
(jumping (1:1u#1598 0x40066E:64u#1599))
(pc-changed 0x40066E:64u)
(pc-changed 0x400673:64u)
(pc-changed 0x400674:64u)
(jumping (1:1u#1650 0x400549:64u#1647))
(call-return (main 3 0x40000008 0))
(exception Halt)
(exception Halt)
(machine-switch (4 7))
(exception Halt)
(exception Halt)
(machine-switch (7 3))
(exception Halt)
(exception Halt)
(machine-switch (3 2))
(pc-changed 0x400549:64u)
(jumping (1:1u#1653 0x400550:64u#1654))
(pc-changed 0x400550:64u)
(call (deregister_tm_clones))
(pc-changed 0x400555:64u)
(pc-changed 0x400556:64u)
(pc-changed 0x40055C:64u)
(pc-changed 0x400560:64u)
(machine-fork (2 8))
(machine-switch (8 2))
(pc-changed 0x400563:64u)
(jumping (1:1u#1750 0x400565:64u#1751))
(pc-changed 0x400565:64u)
(pc-changed 0x400566:64u)
(jumping (1:1u#1800 0x400549:64u#1797))
(pc-changed 0x400549:64u)
(jumping (1:1u#1802 0x400550:64u#1803))
(pc-changed 0x400550:64u)
(call (deregister_tm_clones))
(pc-changed 0x400555:64u)
(pc-changed 0x400556:64u)
(pc-changed 0x40055C:64u)
(pc-changed 0x400560:64u)
(pc-changed 0x400563:64u)
(jumping (1:1u#1897 0x400565:64u#1898))
(pc-changed 0x400565:64u)
(pc-changed 0x400566:64u)
(jumping (1:1u#1947 0x3FFFFFF8:64u#1944))
(call-return (deregister_tm_clones))
(call-return (deregister_tm_clones))
(exception Halt)
(exception Halt)
(machine-switch (2 8))
(pc-changed 0x400563:64u)
(jumping (1:1u#1748 0x400567:64u#1949))
(pc-changed 0x400567:64u)
(pc-changed 0x40056C:64u)
(machine-fork (8 9))
(machine-switch (9 8))
(pc-changed 0x40056F:64u)
(jumping (1:1u#1969 0x400565:64u#1973))
(pc-changed 0x400565:64u)
(pc-changed 0x400566:64u)
(jumping (1:1u#2022 0x400549:64u#2019))
(pc-changed 0x400549:64u)
(jumping (1:1u#2024 0x400550:64u#2025))
(pc-changed 0x400550:64u)
(call (deregister_tm_clones))
(pc-changed 0x400555:64u)
(pc-changed 0x400556:64u)
(pc-changed 0x40055C:64u)
(pc-changed 0x400560:64u)
(pc-changed 0x400563:64u)
(jumping (1:1u#2119 0x400565:64u#2120))
(pc-changed 0x400565:64u)
(pc-changed 0x400566:64u)
(jumping (1:1u#2169 0x3FFFFFF8:64u#2166))
(call-return (deregister_tm_clones))
(call-return (deregister_tm_clones))
(exception Halt)
(exception Halt)
(machine-switch (8 9))
(pc-changed 0x40056F:64u)
(jumping (1:1u#2171 0x400571:64u#2172))
(pc-changed 0x400571:64u)
(pc-changed 0x400572:64u)
(pc-changed 0x400577:64u)
(jumping (1:1u#2200 0:64u#1951))
(call-return (deregister_tm_clones))
(exception Halt)
(exception Halt)
(machine-switch (9 0))
(exception Halt)
(machine-switch (0 0))
(exception Halt)
